2021-11-02 15:59:17,081  INFO [main] debug:23 - Initiate Webdriver .......
2021-11-02 15:59:26,508  INFO [main] debug:76 - clicked on element : Login
2021-11-02 16:06:04,561  INFO [main] debug:24 - Initiate Webdriver .......
2021-11-02 16:07:55,713  INFO [main] debug:24 - Initiate Webdriver .......
2021-11-02 16:08:04,435  INFO [main] debug:76 - clicked on element : Login
2021-11-02 16:08:08,977  INFO [main] debug:19 - UserName field value entered as : venkata.rajulapati@gmail.com
2021-11-02 16:08:09,093  INFO [main] debug:19 - Password field value entered as : 05jun1984
2021-11-02 16:08:09,205  INFO [main] debug:76 - clicked on element : Login
2021-11-02 16:09:14,307  INFO [main] debug:24 - Initiate Webdriver .......
2021-11-02 16:09:24,033  INFO [main] debug:76 - clicked on element : Login
2021-11-02 16:15:16,480  INFO [main] debug:24 - Initiate Webdriver .......
2021-11-02 16:15:30,593  INFO [main] debug:76 - clicked on element : Login
2021-11-02 16:15:45,945  INFO [main] debug:19 - UserName field value entered as : venkata.rajulapati@gmail.com
2021-11-02 16:15:47,111  INFO [main] debug:24 - Initiate Webdriver .......
2021-11-02 16:15:58,607  INFO [main] debug:76 - clicked on element : Login
2021-11-02 16:16:46,367  INFO [main] debug:24 - Initiate Webdriver .......
2021-11-02 16:16:55,392  INFO [main] debug:76 - clicked on element : Login
2021-11-02 16:18:17,538  INFO [main] debug:24 - Initiate Webdriver .......
2021-11-02 16:18:26,678  INFO [main] debug:76 - clicked on element : Login
2021-11-02 16:18:30,890  INFO [main] debug:19 - UserName field value entered as : venkata.rajulapati@gmail.com
2021-11-02 16:18:31,117  INFO [main] debug:19 - Password field value entered as : 05jun1984
2021-11-02 16:18:31,231  INFO [main] debug:76 - clicked on element : Login
2021-11-02 16:18:32,108  INFO [main] debug:24 - Initiate Webdriver .......
2021-11-02 16:18:40,055  INFO [main] debug:76 - clicked on element : Login
2021-11-02 16:18:49,759  INFO [main] debug:19 - UserName field value entered as : abc
2021-11-02 16:19:34,623  INFO [main] debug:24 - Initiate Webdriver .......
2021-11-02 16:19:43,207  INFO [main] debug:76 - clicked on element : Login
2021-11-02 16:19:48,407  INFO [main] debug:19 - UserName field value entered as : venkata.rajulapati@gmail.com
2021-11-02 16:19:48,524  INFO [main] debug:19 - Password field value entered as : 05jun1984
2021-11-02 16:19:48,627  INFO [main] debug:76 - clicked on element : Login
2021-11-02 16:19:49,297  INFO [main] debug:24 - Initiate Webdriver .......
2021-11-02 16:19:56,876  INFO [main] debug:76 - clicked on element : Login
2021-11-02 16:20:02,194  INFO [main] debug:19 - UserName field value entered as : abc
2021-11-02 16:20:02,336  INFO [main] debug:19 - Password field value entered as : sedf
2021-11-02 16:20:02,446  INFO [main] debug:76 - clicked on element : Login
2021-11-02 16:20:33,411  INFO [main] debug:24 - Initiate Webdriver .......
2021-11-02 16:20:42,721  INFO [main] debug:76 - clicked on element : Login
2021-11-02 16:20:47,963  INFO [main] debug:19 - UserName field value entered as : venkata.rajulapati@gmail.com
2021-11-02 16:20:48,078  INFO [main] debug:19 - Password field value entered as : 05jun1984
2021-11-02 16:20:48,188  INFO [main] debug:76 - clicked on element : Login
2021-11-02 16:20:48,890  INFO [main] debug:24 - Initiate Webdriver .......
2021-11-02 16:20:55,966  INFO [main] debug:76 - clicked on element : Login
2021-11-02 16:21:01,094  INFO [main] debug:19 - UserName field value entered as : abc
2021-11-02 16:21:01,203  INFO [main] debug:19 - Password field value entered as : sedf
2021-11-02 16:21:01,308  INFO [main] debug:76 - clicked on element : Login
2021-11-02 17:15:37,815  INFO [main] debug:24 - Initiate Webdriver .......
2021-11-02 17:16:12,016  INFO [main] debug:76 - clicked on element : Login
2021-11-02 17:16:17,733  INFO [main] debug:19 - UserName field value entered as : venkata.rajulapati@gmail.com
2021-11-02 17:16:17,888  INFO [main] debug:19 - Password field value entered as : 05jun1984
2021-11-02 17:16:18,024  INFO [main] debug:76 - clicked on element : Login
2021-11-02 17:16:18,701  INFO [main] debug:24 - Initiate Webdriver .......
2021-11-02 17:16:36,585  INFO [main] debug:76 - clicked on element : Login
2021-11-02 17:16:43,343  INFO [main] debug:19 - UserName field value entered as : abc
2021-11-02 17:16:43,442  INFO [main] debug:19 - Password field value entered as : sedf
2021-11-02 17:16:43,553  INFO [main] debug:76 - clicked on element : Login
2021-11-02 17:16:44,266  INFO [main] debug:24 - Initiate Webdriver .......
2021-11-02 17:16:55,466  INFO [main] debug:76 - clicked on element : Login
2021-11-02 17:17:00,605  INFO [main] debug:19 - UserName field value entered as : def
2021-11-02 17:17:00,716  INFO [main] debug:19 - Password field value entered as : wert
2021-11-02 17:17:05,890  INFO [main] debug:76 - clicked on element : Login
2021-11-02 17:25:23,553  INFO [main] verifyLoginwithvalidcredentials:26 - Initiate Webdriver .......
2021-11-02 17:27:26,105  INFO [main] verifyLoginwithvalidcredentials:26 - Initiate Webdriver .......
2021-11-02 17:27:35,345  INFO [main] verifyLoginwithvalidcredentials:76 - clicked on element : Login
2021-11-02 17:27:40,576  INFO [main] verifyLoginwithvalidcredentials:19 - UserName field value entered as : venkata.rajulapati@gmail.com
2021-11-02 17:27:40,692  INFO [main] verifyLoginwithvalidcredentials:19 - Password field value entered as : 05jun1984
2021-11-02 17:27:40,795  INFO [main] verifyLoginwithvalidcredentials:76 - clicked on element : Login
2021-11-02 17:27:41,482  INFO [main] verifyLoginwithinvalidcredentials:26 - Initiate Webdriver .......
2021-11-02 17:27:48,967  INFO [main] verifyLoginwithinvalidcredentials:76 - clicked on element : Login
2021-11-02 17:27:54,080  INFO [main] verifyLoginwithinvalidcredentials:19 - UserName field value entered as : abc
2021-11-02 17:27:54,192  INFO [main] verifyLoginwithinvalidcredentials:19 - Password field value entered as : sedf
2021-11-02 17:27:54,300  INFO [main] verifyLoginwithinvalidcredentials:76 - clicked on element : Login
2021-11-02 17:27:54,937  INFO [main] verifyLoginwithinvalidcredentials:26 - Initiate Webdriver .......
2021-11-02 17:28:01,940  INFO [main] verifyLoginwithinvalidcredentials:76 - clicked on element : Login
2021-11-02 17:28:07,084  INFO [main] verifyLoginwithinvalidcredentials:19 - UserName field value entered as : def
2021-11-02 17:28:07,191  INFO [main] verifyLoginwithinvalidcredentials:19 - Password field value entered as : wert
2021-11-02 17:28:07,300  INFO [main] verifyLoginwithinvalidcredentials:76 - clicked on element : Login
2021-11-02 17:51:40,230  INFO [main] verify Login with valid credentials:28 - Initiate Webdriver .......
2021-11-02 17:51:56,658  INFO [main] verify Login with valid credentials:86 - clicked on element : Login
2021-11-02 17:52:01,992  INFO [main] verify Login with valid credentials:20 - UserName field value entered as : venkata.rajulapati@gmail.com
2021-11-02 17:52:02,100  INFO [main] verify Login with valid credentials:20 - Password field value entered as : 05jun1984
2021-11-02 17:52:02,211  INFO [main] verify Login with valid credentials:86 - clicked on element : Login
2021-11-02 17:52:03,282  INFO [main] verify Login with invalid credentials:28 - Initiate Webdriver .......
2021-11-02 17:52:13,221  INFO [main] verify Login with invalid credentials:86 - clicked on element : Login
2021-11-02 17:52:18,763  INFO [main] verify Login with invalid credentials:20 - UserName field value entered as : abc
2021-11-02 17:52:19,537  INFO [main] verify Login with invalid credentials:20 - Password field value entered as : sedf
2021-11-02 17:52:19,640  INFO [main] verify Login with invalid credentials:86 - clicked on element : Login
2021-11-02 17:52:21,567  INFO [main] verify Login with invalid credentials:28 - Initiate Webdriver .......
2021-11-02 17:52:36,007  INFO [main] verify Login with invalid credentials:86 - clicked on element : Login
2021-11-02 17:52:42,698  INFO [main] verify Login with invalid credentials:20 - UserName field value entered as : def
2021-11-02 17:52:42,806  INFO [main] verify Login with invalid credentials:20 - Password field value entered as : wert
2021-11-02 17:52:42,901  INFO [main] verify Login with invalid credentials:86 - clicked on element : Login
2021-11-02 22:12:00,987  INFO [main] verify Login with valid credentials:28 - Initiate Webdriver .......
2021-11-02 22:12:18,181  INFO [main] verify Login with valid credentials:86 - clicked on element : Login
2021-11-02 22:12:23,900  INFO [main] verify Login with valid credentials:20 - UserName field value entered as : venkata.rajulapati@gmail.com
2021-11-02 22:12:24,062  INFO [main] verify Login with valid credentials:20 - Password field value entered as : 05jun1984
2021-11-02 22:12:24,172  INFO [main] verify Login with valid credentials:86 - clicked on element : Login
2021-11-02 22:12:25,226  INFO [main] verify Login with invalid credentials:28 - Initiate Webdriver .......
2021-11-02 22:12:32,108  INFO [main] verify Login with invalid credentials:86 - clicked on element : Login
2021-11-02 22:12:38,240  INFO [main] verify Login with invalid credentials:20 - UserName field value entered as : abc
2021-11-02 22:12:51,581  INFO [main] verify Login with invalid credentials:28 - Initiate Webdriver .......
2021-11-02 22:20:31,876  INFO [main] verify Login with valid credentials:28 - Initiate Webdriver .......
2021-11-02 22:22:28,314  INFO [main] verify Login with valid credentials:28 - Initiate Webdriver .......
2021-11-02 22:23:39,372  INFO [main] verify Login with invalid credentials:28 - Initiate Webdriver .......
2021-11-02 22:23:48,340  INFO [main] verify Login with invalid credentials:86 - clicked on element : Login
2021-11-02 22:24:15,767  INFO [main] verify Login with invalid credentials:28 - Initiate Webdriver .......
2021-11-02 22:24:23,082  INFO [main] verify Login with invalid credentials:86 - clicked on element : Login
2021-11-02 22:26:26,453  INFO [main] verify Login with valid credentials:28 - Initiate Webdriver .......
2021-11-02 22:26:34,708  INFO [main] verify Login with valid credentials:86 - clicked on element : Login
2021-11-02 22:26:45,042  INFO [main] verify Login with valid credentials:20 - UserName field value entered as : venkata.rajulapati@gmail.com
2021-11-02 22:26:45,176  INFO [main] verify Login with valid credentials:20 - Password field value entered as : 05jun1984
2021-11-02 22:26:45,308  INFO [main] verify Login with valid credentials:86 - clicked on element : Login
2021-11-02 22:26:46,952  INFO [main] verify Login with invalid credentials:28 - Initiate Webdriver .......
2021-11-02 22:26:55,875  INFO [main] verify Login with invalid credentials:86 - clicked on element : Login
2021-11-02 22:27:06,027  INFO [main] verify Login with invalid credentials:20 - UserName field value entered as : abc
2021-11-02 22:27:06,141  INFO [main] verify Login with invalid credentials:20 - Password field value entered as : sedf
2021-11-02 22:27:06,260  INFO [main] verify Login with invalid credentials:86 - clicked on element : Login
2021-11-02 22:27:08,116  INFO [main] verify Login with invalid credentials:28 - Initiate Webdriver .......
2021-11-02 22:27:16,348  INFO [main] verify Login with invalid credentials:86 - clicked on element : Login
2021-11-02 22:27:26,498  INFO [main] verify Login with invalid credentials:20 - UserName field value entered as : def
2021-11-02 22:27:26,616  INFO [main] verify Login with invalid credentials:20 - Password field value entered as : wert
2021-11-02 22:27:26,744  INFO [main] verify Login with invalid credentials:86 - clicked on element : Login
2021-11-02 22:38:00,472  INFO [main] verify Login with valid credentials:28 - Initiate Webdriver .......
2021-11-02 22:38:14,845  INFO [main] verify Login with valid credentials:86 - clicked on element : Login
2021-11-02 22:38:25,158  INFO [main] verify Login with valid credentials:20 - UserName field value entered as : venkata.rajulapati@gmail.com
2021-11-02 22:38:25,283  INFO [main] verify Login with valid credentials:20 - Password field value entered as : 05jun1984
2021-11-02 22:38:25,399  INFO [main] verify Login with valid credentials:86 - clicked on element : Login
2021-11-02 22:38:26,648  INFO [main] verify Login with invalid credentials:28 - Initiate Webdriver .......
2021-11-02 22:38:34,619  INFO [main] verify Login with invalid credentials:86 - clicked on element : Login
2021-11-02 22:38:44,770  INFO [main] verify Login with invalid credentials:20 - UserName field value entered as : abc
2021-11-02 22:38:44,883  INFO [main] verify Login with invalid credentials:20 - Password field value entered as : sedf
2021-11-02 22:38:45,002  INFO [main] verify Login with invalid credentials:86 - clicked on element : Login
2021-11-02 22:38:45,783  INFO [main] verify Login with invalid credentials:28 - Initiate Webdriver .......
2021-11-02 22:38:57,035  INFO [main] verify Login with invalid credentials:86 - clicked on element : Login
2021-11-02 22:39:07,237  INFO [main] verify Login with invalid credentials:20 - UserName field value entered as : def
2021-11-02 22:39:07,343  INFO [main] verify Login with invalid credentials:20 - Password field value entered as : wert
2021-11-02 22:39:07,456  INFO [main] verify Login with invalid credentials:86 - clicked on element : Login
2021-11-02 22:39:08,180  INFO [main] verify Login with invalid credentials:28 - Initiate Webdriver .......
2021-11-02 22:39:23,572  INFO [main] verify Login with invalid credentials:86 - clicked on element : Login
2021-11-02 22:39:33,700  INFO [main] verify Login with invalid credentials:20 - UserName field value entered as : wett1
2021-11-02 22:39:33,814  INFO [main] verify Login with invalid credentials:20 - Password field value entered as : ghjh1
2021-11-02 22:39:33,940  INFO [main] verify Login with invalid credentials:86 - clicked on element : Login
2021-11-02 22:39:34,805  INFO [main] verify Login with invalid credentials:28 - Initiate Webdriver .......
2021-11-02 22:39:41,900  INFO [main] verify Login with invalid credentials:86 - clicked on element : Login
2021-11-02 22:39:52,220  INFO [main] verify Login with invalid credentials:20 - UserName field value entered as : wett2
2021-11-02 22:39:52,376  INFO [main] verify Login with invalid credentials:20 - Password field value entered as : ghjh2
2021-11-02 22:39:52,515  INFO [main] verify Login with invalid credentials:86 - clicked on element : Login
2021-11-02 22:39:55,116  INFO [main] verify Login with invalid credentials:28 - Initiate Webdriver .......
2021-11-02 22:40:06,519  INFO [main] verify Login with invalid credentials:86 - clicked on element : Login
2021-11-02 22:40:16,719  INFO [main] verify Login with invalid credentials:20 - UserName field value entered as : wett3
2021-11-02 22:40:16,835  INFO [main] verify Login with invalid credentials:20 - Password field value entered as : ghjh
2021-11-02 22:40:16,963  INFO [main] verify Login with invalid credentials:86 - clicked on element : Login
2021-11-02 22:40:17,679  INFO [main] verify Login with invalid credentials:28 - Initiate Webdriver .......
2021-11-02 22:40:29,231  INFO [main] verify Login with invalid credentials:86 - clicked on element : Login
2021-11-02 22:40:39,352  INFO [main] verify Login with invalid credentials:20 - UserName field value entered as : wett4
2021-11-02 22:40:39,465  INFO [main] verify Login with invalid credentials:20 - Password field value entered as : ghjh
2021-11-02 22:40:39,578  INFO [main] verify Login with invalid credentials:86 - clicked on element : Login
2021-11-02 22:40:41,691  INFO [main] verify Login with invalid credentials:28 - Initiate Webdriver .......
2021-11-02 22:40:53,081  INFO [main] verify Login with invalid credentials:86 - clicked on element : Login
2021-11-02 22:41:03,346  INFO [main] verify Login with invalid credentials:20 - UserName field value entered as : wett5
2021-11-02 22:41:03,458  INFO [main] verify Login with invalid credentials:20 - Password field value entered as : ghjh
2021-11-02 22:41:03,569  INFO [main] verify Login with invalid credentials:86 - clicked on element : Login
2021-11-02 22:41:05,558  INFO [main] verify Login with invalid credentials:28 - Initiate Webdriver .......
2021-11-02 22:41:15,860  INFO [main] verify Login with invalid credentials:86 - clicked on element : Login
2021-11-02 22:41:26,191  INFO [main] verify Login with invalid credentials:20 - UserName field value entered as : wett6
2021-11-02 22:41:26,373  INFO [main] verify Login with invalid credentials:20 - Password field value entered as : ghjh
2021-11-02 22:41:26,486  INFO [main] verify Login with invalid credentials:86 - clicked on element : Login
2021-11-02 22:41:28,391  INFO [main] verify Login with invalid credentials:28 - Initiate Webdriver .......
2021-11-02 22:41:42,172  INFO [main] verify Login with invalid credentials:86 - clicked on element : Login
2021-11-02 22:41:52,420  INFO [main] verify Login with invalid credentials:20 - UserName field value entered as : wett7
2021-11-02 22:41:52,530  INFO [main] verify Login with invalid credentials:20 - Password field value entered as : ghjh
2021-11-02 22:41:52,639  INFO [main] verify Login with invalid credentials:86 - clicked on element : Login
2021-11-02 22:41:54,915  INFO [main] verify Login with invalid credentials:28 - Initiate Webdriver .......
2021-11-02 22:42:06,170  INFO [main] verify Login with invalid credentials:86 - clicked on element : Login
2021-11-02 22:42:16,381  INFO [main] verify Login with invalid credentials:20 - UserName field value entered as : wett8
2021-11-02 22:42:16,503  INFO [main] verify Login with invalid credentials:20 - Password field value entered as : ghjh
2021-11-02 22:42:16,622  INFO [main] verify Login with invalid credentials:86 - clicked on element : Login
2021-11-02 22:42:19,324  INFO [main] verify Login with invalid credentials:28 - Initiate Webdriver .......
2021-11-02 22:42:39,286  INFO [main] verify Login with invalid credentials:86 - clicked on element : Login
2021-11-02 22:42:49,608  INFO [main] verify Login with invalid credentials:20 - UserName field value entered as : wett9
2021-11-02 22:42:49,756  INFO [main] verify Login with invalid credentials:20 - Password field value entered as : ghjh
2021-11-02 22:42:49,895  INFO [main] verify Login with invalid credentials:86 - clicked on element : Login
2021-11-02 22:42:51,518  INFO [main] verify Login with invalid credentials:28 - Initiate Webdriver .......
2021-11-02 22:43:06,856  INFO [main] verify Login with invalid credentials:86 - clicked on element : Login
2021-11-02 22:43:17,074  INFO [main] verify Login with invalid credentials:20 - UserName field value entered as : wett10
2021-11-02 22:43:17,186  INFO [main] verify Login with invalid credentials:20 - Password field value entered as : ghjh
2021-11-02 22:43:17,292  INFO [main] verify Login with invalid credentials:86 - clicked on element : Login
2021-11-02 22:43:18,917  INFO [main] verify Login with invalid credentials:28 - Initiate Webdriver .......
2021-11-02 22:43:30,492  INFO [main] verify Login with invalid credentials:86 - clicked on element : Login
2021-11-02 22:43:40,739  INFO [main] verify Login with invalid credentials:20 - UserName field value entered as : wett11
2021-11-02 22:43:40,844  INFO [main] verify Login with invalid credentials:20 - Password field value entered as : ghjh
2021-11-02 22:43:40,953  INFO [main] verify Login with invalid credentials:86 - clicked on element : Login
2021-11-02 22:43:42,902  INFO [main] verify Login with invalid credentials:28 - Initiate Webdriver .......
2021-11-02 22:43:56,840  INFO [main] verify Login with invalid credentials:86 - clicked on element : Login
2021-11-02 22:44:07,072  INFO [main] verify Login with invalid credentials:20 - UserName field value entered as : wett12
2021-11-02 22:44:07,185  INFO [main] verify Login with invalid credentials:20 - Password field value entered as : ghjh
2021-11-02 22:44:07,295  INFO [main] verify Login with invalid credentials:86 - clicked on element : Login
2021-11-02 22:44:10,154  INFO [main] verify Login with invalid credentials:28 - Initiate Webdriver .......
2021-11-02 22:44:26,900  INFO [main] verify Login with invalid credentials:86 - clicked on element : Login
2021-11-02 22:44:37,204  INFO [main] verify Login with invalid credentials:20 - UserName field value entered as : wett13
2021-11-02 22:44:37,337  INFO [main] verify Login with invalid credentials:20 - Password field value entered as : ghjh
2021-11-02 22:44:37,484  INFO [main] verify Login with invalid credentials:86 - clicked on element : Login
2021-11-02 22:44:40,505  INFO [main] verify Login with invalid credentials:28 - Initiate Webdriver .......
2021-11-02 22:44:56,258  INFO [main] verify Login with invalid credentials:86 - clicked on element : Login
2021-11-02 22:45:06,464  INFO [main] verify Login with invalid credentials:20 - UserName field value entered as : wett14
2021-11-02 22:45:06,577  INFO [main] verify Login with invalid credentials:20 - Password field value entered as : ghjh
2021-11-02 22:45:06,715  INFO [main] verify Login with invalid credentials:86 - clicked on element : Login
2021-11-02 22:45:08,442  INFO [main] verify Login with invalid credentials:28 - Initiate Webdriver .......
2021-11-02 22:45:23,501  INFO [main] verify Login with invalid credentials:86 - clicked on element : Login
2021-11-02 22:45:33,761  INFO [main] verify Login with invalid credentials:20 - UserName field value entered as : wett15
2021-11-02 22:45:33,878  INFO [main] verify Login with invalid credentials:20 - Password field value entered as : ghjh
2021-11-02 22:45:33,992  INFO [main] verify Login with invalid credentials:86 - clicked on element : Login
2021-11-05 12:33:28,221  INFO [main] verify Login with valid credentials:28 - Initiate Webdriver .......
2021-11-05 12:33:37,934  INFO [main] verify Login with invalid credentials:28 - Initiate Webdriver .......
2021-11-05 12:33:45,606  INFO [main] verify Login with invalid credentials:28 - Initiate Webdriver .......
2021-11-05 12:37:31,350  INFO [main] verify Login with valid credentials:28 - Initiate Webdriver .......
2021-11-05 12:38:45,587  INFO [main] verify Login with invalid credentials:28 - Initiate Webdriver .......
2021-11-05 12:39:00,300  INFO [main] verify Login with invalid credentials:28 - Initiate Webdriver .......
2021-11-05 12:40:47,366  INFO [main] verify Login with valid credentials:28 - Initiate Webdriver .......
2021-11-05 12:45:26,323  INFO [main] verify Login with valid credentials:28 - Initiate Webdriver .......
2021-11-05 12:46:21,892  INFO [main] verify Login with valid credentials:28 - Initiate Webdriver .......
2021-11-05 12:50:01,068  INFO [main] verify Login with valid credentials:28 - Initiate Webdriver .......
2021-11-05 12:53:02,237  INFO [main] verify Login with valid credentials:28 - Initiate Webdriver .......
2021-11-05 12:54:01,854  INFO [main] verify Login with valid credentials:28 - Initiate Webdriver .......
2021-11-05 12:55:29,293  INFO [main] verify Login with valid credentials:28 - Initiate Webdriver .......
2021-11-05 12:59:02,208  INFO [main] verify Login with valid credentials:28 - Initiate Webdriver .......
2021-11-05 13:00:25,846  INFO [main] verify Login with valid credentials:28 - Initiate Webdriver .......
2021-11-05 13:01:29,616  INFO [main] verify Login with valid credentials:28 - Initiate Webdriver .......
2021-11-05 13:11:12,488  INFO [main] verify Login with valid credentials:28 - Initiate Webdriver .......
2021-11-05 13:12:06,130  INFO [main] verify Login with valid credentials:28 - Initiate Webdriver .......
2021-11-05 13:12:21,303  INFO [main] verify Login with invalid credentials:28 - Initiate Webdriver .......
2021-11-05 13:12:31,036  INFO [main] verify Login with invalid credentials:28 - Initiate Webdriver .......
2021-11-05 13:14:02,774  INFO [main] verify Login with valid credentials:28 - Initiate Webdriver .......
2021-11-05 13:14:11,555  INFO [main] verify Login with invalid credentials:28 - Initiate Webdriver .......
2021-11-05 13:14:19,472  INFO [main] verify Login with invalid credentials:28 - Initiate Webdriver .......
2021-11-05 13:18:14,209  INFO [main] verify Login with valid credentials:28 - Initiate Webdriver .......
2021-11-05 13:18:23,601  INFO [main] verify Login with valid credentials:86 - clicked on element : Login
2021-11-05 13:18:33,893  INFO [main] verify Login with valid credentials:20 - UserName field value entered as : venkata.rajulapati@gmail.com
2021-11-05 13:18:34,001  INFO [main] verify Login with valid credentials:20 - Password field value entered as : 05jun1984
2021-11-05 13:18:34,104  INFO [main] verify Login with valid credentials:86 - clicked on element : Login
2021-11-05 13:18:35,110  INFO [main] verify Login with invalid credentials:28 - Initiate Webdriver .......
2021-11-05 13:18:42,605  INFO [main] verify Login with invalid credentials:86 - clicked on element : Login
2021-11-05 13:18:52,744  INFO [main] verify Login with invalid credentials:20 - UserName field value entered as : abc
2021-11-05 13:18:52,849  INFO [main] verify Login with invalid credentials:20 - Password field value entered as : sedf
2021-11-05 13:18:52,975  INFO [main] verify Login with invalid credentials:86 - clicked on element : Login
2021-11-05 13:18:53,900  INFO [main] verify Login with invalid credentials:28 - Initiate Webdriver .......
2021-11-05 13:19:02,034  INFO [main] verify Login with invalid credentials:86 - clicked on element : Login
2021-11-05 13:19:12,193  INFO [main] verify Login with invalid credentials:20 - UserName field value entered as : def
2021-11-05 13:19:12,288  INFO [main] verify Login with invalid credentials:20 - Password field value entered as : wert
2021-11-05 13:19:12,383  INFO [main] verify Login with invalid credentials:86 - clicked on element : Login
2021-11-05 13:24:45,704  INFO [main] verify Login with valid credentials:28 - Initiate Webdriver .......
2021-11-05 13:24:55,125  INFO [main] verify Login with invalid credentials:28 - Initiate Webdriver .......
2021-11-05 13:25:02,698  INFO [main] verify Login with invalid credentials:28 - Initiate Webdriver .......
2021-11-05 13:30:35,086  INFO [main] verify Login with valid credentials:28 - Initiate Webdriver .......
2021-11-05 13:30:47,507  INFO [main] verify Login with invalid credentials:28 - Initiate Webdriver .......
2021-11-05 13:30:54,657  INFO [main] verify Login with invalid credentials:28 - Initiate Webdriver .......
2021-11-05 14:12:44,808  INFO [main] verify Login with valid credentials:28 - Initiate Webdriver .......
2021-11-05 14:12:54,150  INFO [main] verify Login Functionality:28 - Initiate Webdriver .......
2021-11-05 14:13:03,382  INFO [main] verify Login Functionality:28 - Initiate Webdriver .......
2021-11-05 14:13:13,909  INFO [main] verify Login Functionality:28 - Initiate Webdriver .......
2021-11-05 14:13:39,221  INFO [main] verify Login with valid credentials:28 - Initiate Webdriver .......
2021-11-05 14:13:48,307  INFO [main] verify Login with valid credentials:86 - clicked on element : Login
2021-11-05 14:13:58,574  INFO [main] verify Login with valid credentials:20 - UserName field value entered as : venkata.rajulapati@gmail.com
2021-11-05 14:13:58,702  INFO [main] verify Login with valid credentials:20 - Password field value entered as : 05jun1984
2021-11-05 14:13:58,825  INFO [main] verify Login with valid credentials:86 - clicked on element : Login
2021-11-05 14:13:59,914  INFO [main] verify Login Functionality:28 - Initiate Webdriver .......
2021-11-05 14:14:07,537  INFO [main] verify Login Functionality:86 - clicked on element : Login
2021-11-05 14:14:08,336  INFO [main] verify Login Functionality:28 - Initiate Webdriver .......
2021-11-05 14:14:16,014  INFO [main] verify Login Functionality:86 - clicked on element : Login
2021-11-05 14:14:16,672  INFO [main] verify Login Functionality:28 - Initiate Webdriver .......
2021-11-05 14:14:25,124  INFO [main] verify Login Functionality:86 - clicked on element : Login
2021-11-05 14:15:37,179  INFO [main] verify Login with valid credentials:28 - Initiate Webdriver .......
2021-11-05 14:15:57,367  INFO [main] verify Login with valid credentials:86 - clicked on element : Login
2021-11-05 14:16:25,801  INFO [main] verify Login with valid credentials:20 - UserName field value entered as : venkata.rajulapati@gmail.com
2021-11-05 14:16:25,939  INFO [main] verify Login with valid credentials:20 - Password field value entered as : 05jun1984
2021-11-05 14:16:26,075  INFO [main] verify Login with valid credentials:86 - clicked on element : Login
2021-11-05 14:16:27,165  INFO [main] verify Login Functionality:28 - Initiate Webdriver .......
2021-11-05 14:18:26,090  INFO [main] verify Login with valid credentials:28 - Initiate Webdriver .......
2021-11-05 14:18:42,666  INFO [main] verify Login with valid credentials:86 - clicked on element : Login
2021-11-05 14:18:52,973  INFO [main] verify Login with valid credentials:20 - UserName field value entered as : venkata.rajulapati@gmail.com
2021-11-05 14:18:53,099  INFO [main] verify Login with valid credentials:20 - Password field value entered as : 05jun1984
2021-11-05 14:18:53,233  INFO [main] verify Login with valid credentials:86 - clicked on element : Login
2021-11-05 14:18:54,372  INFO [main] verify Login Functionality:28 - Initiate Webdriver .......
2021-11-05 14:20:38,331  INFO [main] verify Login with valid credentials:28 - Initiate Webdriver .......
2021-11-05 14:20:57,256  INFO [main] verify Login with valid credentials:86 - clicked on element : Login
2021-11-05 14:21:07,514  INFO [main] verify Login with valid credentials:20 - UserName field value entered as : venkata.rajulapati@gmail.com
2021-11-05 14:21:07,735  INFO [main] verify Login with valid credentials:20 - Password field value entered as : 05jun1984
2021-11-05 14:21:07,885  INFO [main] verify Login with valid credentials:86 - clicked on element : Login
2021-11-05 14:21:09,192  INFO [main] verify Login Functionality:28 - Initiate Webdriver .......
2021-11-05 14:23:12,345  INFO [main] verify Login with valid credentials:28 - Initiate Webdriver .......
2021-11-05 14:23:31,444  INFO [main] verify Login with valid credentials:86 - clicked on element : Login
2021-11-05 14:23:41,714  INFO [main] verify Login with valid credentials:20 - UserName field value entered as : venkata.rajulapati@gmail.com
2021-11-05 14:23:41,836  INFO [main] verify Login with valid credentials:20 - Password field value entered as : 05jun1984
2021-11-05 14:23:41,961  INFO [main] verify Login with valid credentials:86 - clicked on element : Login
2021-11-05 14:23:44,288  INFO [main] verify Login Functionality:28 - Initiate Webdriver .......
2021-11-05 14:24:33,249  INFO [main] verify Login with valid credentials:28 - Initiate Webdriver .......
2021-11-05 14:25:03,668  INFO [main] verify Login with valid credentials:86 - clicked on element : Login
2021-11-05 14:25:13,892  INFO [main] verify Login with valid credentials:20 - UserName field value entered as : venkata.rajulapati@gmail.com
2021-11-05 14:25:14,039  INFO [main] verify Login with valid credentials:20 - Password field value entered as : 05jun1984
2021-11-05 14:25:14,163  INFO [main] verify Login with valid credentials:86 - clicked on element : Login
2021-11-05 14:25:16,423  INFO [main] verify Login Functionality:28 - Initiate Webdriver .......
2021-11-05 14:28:23,302  INFO [main] verify Login with valid credentials:28 - Initiate Webdriver .......
2021-11-05 14:28:41,595  INFO [main] verify Login with valid credentials:86 - clicked on element : Login
2021-11-05 14:28:51,858  INFO [main] verify Login with valid credentials:20 - UserName field value entered as : venkata.rajulapati@gmail.com
2021-11-05 14:28:52,018  INFO [main] verify Login with valid credentials:20 - Password field value entered as : 05jun1984
2021-11-05 14:28:52,165  INFO [main] verify Login with valid credentials:86 - clicked on element : Login
2021-11-05 14:28:53,306  INFO [main] verify Login Functionality:28 - Initiate Webdriver .......
2021-11-05 14:29:48,623  INFO [main] verify Login Functionality:86 - clicked on element : Login
2021-11-05 14:30:07,916  INFO [main] verify Login Functionality:20 - UserName field value entered as : venkata.rajulapati@gmail.com
2021-11-05 14:30:08,048  INFO [main] verify Login Functionality:20 - Password field value entered as : 05jun1984
2021-11-05 14:30:08,150  INFO [main] verify Login Functionality:86 - clicked on element : Login
2021-11-05 14:30:08,982  INFO [main] verify Login Functionality:28 - Initiate Webdriver .......
2021-11-05 14:31:41,685  INFO [main] verify Login with valid credentials:28 - Initiate Webdriver .......
2021-11-05 14:31:50,746  INFO [main] verify Login with valid credentials:86 - clicked on element : Login
2021-11-05 14:32:01,056  INFO [main] verify Login with valid credentials:20 - UserName field value entered as : venkata.rajulapati@gmail.com
2021-11-05 14:32:01,179  INFO [main] verify Login with valid credentials:20 - Password field value entered as : 05jun1984
2021-11-05 14:32:01,300  INFO [main] verify Login with valid credentials:86 - clicked on element : Login
2021-11-05 14:32:02,282  INFO [main] verify Login Functionality:28 - Initiate Webdriver .......
2021-11-05 14:32:10,685  INFO [main] verify Login Functionality:86 - clicked on element : Login
2021-11-05 14:32:20,905  INFO [main] verify Login Functionality:20 - UserName field value entered as : venkata.rajulapati@gmail.com
2021-11-05 14:32:21,032  INFO [main] verify Login Functionality:20 - Password field value entered as : 05jun1984
2021-11-05 14:32:21,156  INFO [main] verify Login Functionality:86 - clicked on element : Login
2021-11-05 14:32:21,922  INFO [main] verify Login Functionality:28 - Initiate Webdriver .......
2021-11-05 14:32:29,374  INFO [main] verify Login Functionality:86 - clicked on element : Login
2021-11-05 14:32:39,542  INFO [main] verify Login Functionality:20 - UserName field value entered as : addsds
2021-11-05 14:32:39,663  INFO [main] verify Login Functionality:20 - Password field value entered as : ddsf
2021-11-05 14:32:39,774  INFO [main] verify Login Functionality:86 - clicked on element : Login
2021-11-05 14:32:40,582  INFO [main] verify Login Functionality:28 - Initiate Webdriver .......
2021-11-05 14:32:47,934  INFO [main] verify Login Functionality:86 - clicked on element : Login
2021-11-05 14:32:58,069  INFO [main] verify Login Functionality:20 - UserName field value entered as : ada
2021-11-05 14:32:58,177  INFO [main] verify Login Functionality:20 - Password field value entered as : add
2021-11-05 14:32:58,296  INFO [main] verify Login Functionality:86 - clicked on element : Login
2021-11-05 14:34:46,558  INFO [main] verify Login with valid credentials:28 - Initiate Webdriver .......
2021-11-05 14:34:54,871  INFO [main] verify Login with valid credentials:86 - clicked on element : Login
2021-11-05 14:35:05,166  INFO [main] verify Login with valid credentials:20 - UserName field value entered as : venkata.rajulapati@gmail.com
2021-11-05 14:35:05,290  INFO [main] verify Login with valid credentials:20 - Password field value entered as : 05jun1984
2021-11-05 14:35:05,430  INFO [main] verify Login with valid credentials:86 - clicked on element : Login
2021-11-05 14:35:06,425  INFO [main] verify Login Functionality:28 - Initiate Webdriver .......
2021-11-05 14:35:13,307  INFO [main] verify Login Functionality:86 - clicked on element : Login
2021-11-05 14:35:23,521  INFO [main] verify Login Functionality:20 - UserName field value entered as : venkata.rajulapati@gmail.com
2021-11-05 14:35:23,653  INFO [main] verify Login Functionality:20 - Password field value entered as : 05jun1984
2021-11-05 14:35:23,765  INFO [main] verify Login Functionality:86 - clicked on element : Login
2021-11-05 14:35:24,578  INFO [main] verify Login Functionality:28 - Initiate Webdriver .......
2021-11-05 14:35:31,484  INFO [main] verify Login Functionality:86 - clicked on element : Login
2021-11-05 14:35:41,646  INFO [main] verify Login Functionality:20 - UserName field value entered as : addsds
2021-11-05 14:35:41,782  INFO [main] verify Login Functionality:20 - Password field value entered as : ddsf
2021-11-05 14:35:41,901  INFO [main] verify Login Functionality:86 - clicked on element : Login
2021-11-05 14:35:42,652  INFO [main] verify Login Functionality:28 - Initiate Webdriver .......
2021-11-05 14:35:49,601  INFO [main] verify Login Functionality:86 - clicked on element : Login
2021-11-05 14:35:59,755  INFO [main] verify Login Functionality:20 - UserName field value entered as : ada
2021-11-05 14:35:59,865  INFO [main] verify Login Functionality:20 - Password field value entered as : add
2021-11-05 14:36:00,011  INFO [main] verify Login Functionality:86 - clicked on element : Login
2021-11-05 14:40:10,056  INFO [main] verify Login with valid credentials:28 - Initiate Webdriver .......
2021-11-05 14:40:18,814  INFO [main] verify Login with valid credentials:86 - clicked on element : Login
2021-11-05 14:40:29,104  INFO [main] verify Login with valid credentials:20 - UserName field value entered as : venkata.rajulapati@gmail.com
2021-11-05 14:40:29,240  INFO [main] verify Login with valid credentials:20 - Password field value entered as : 05jun1984
2021-11-05 14:40:29,361  INFO [main] verify Login with valid credentials:86 - clicked on element : Login
2021-11-05 14:40:30,417  INFO [main] verify Login Functionality:28 - Initiate Webdriver .......
2021-11-05 14:40:38,217  INFO [main] verify Login Functionality:86 - clicked on element : Login
2021-11-05 14:40:48,455  INFO [main] verify Login Functionality:20 - UserName field value entered as : venkata.rajulapati@gmail.com
2021-11-05 14:40:48,588  INFO [main] verify Login Functionality:20 - Password field value entered as : 05jun1984
2021-11-05 14:40:48,736  INFO [main] verify Login Functionality:86 - clicked on element : Login
2021-11-05 14:40:49,531  INFO [main] verify Login Functionality:28 - Initiate Webdriver .......
2021-11-05 14:40:56,524  INFO [main] verify Login Functionality:86 - clicked on element : Login
2021-11-05 14:41:06,691  INFO [main] verify Login Functionality:20 - UserName field value entered as : addsds
2021-11-05 14:41:06,807  INFO [main] verify Login Functionality:20 - Password field value entered as : ddsf
2021-11-05 14:41:06,921  INFO [main] verify Login Functionality:86 - clicked on element : Login
2021-11-05 14:41:07,595  INFO [main] verify Login Functionality:28 - Initiate Webdriver .......
2021-11-05 14:41:14,421  INFO [main] verify Login Functionality:86 - clicked on element : Login
2021-11-05 14:41:24,566  INFO [main] verify Login Functionality:20 - UserName field value entered as : ada
2021-11-05 14:41:24,702  INFO [main] verify Login Functionality:20 - Password field value entered as : add
2021-11-05 14:41:24,817  INFO [main] verify Login Functionality:86 - clicked on element : Login
2021-11-05 15:44:50,689  INFO [main] verify Login with valid credentials:28 - Initiate Webdriver .......
2021-11-05 15:45:24,786  INFO [main] verify Login with valid credentials:86 - clicked on element : Login
2021-11-05 15:45:35,055  INFO [main] verify Login with valid credentials:20 - UserName field value entered as : venkata.rajulapati@gmail.com
2021-11-05 15:45:35,173  INFO [main] verify Login with valid credentials:20 - Password field value entered as : 05jun1984
2021-11-05 15:45:35,276  INFO [main] verify Login with valid credentials:86 - clicked on element : Login
2021-11-05 15:45:40,106  INFO [main] verify Login Functionality:28 - Initiate Webdriver .......
2021-11-05 15:46:04,031  INFO [main] verify Login Functionality:86 - clicked on element : Login
2021-11-05 15:46:14,435  INFO [main] verify Login Functionality:20 - UserName field value entered as : venkata.rajulapati@gmail.com
2021-11-05 15:46:14,552  INFO [main] verify Login Functionality:20 - Password field value entered as : 05jun1984
2021-11-05 15:46:14,652  INFO [main] verify Login Functionality:86 - clicked on element : Login
2021-11-05 15:46:16,962  INFO [main] verify Login Functionality:28 - Initiate Webdriver .......
2021-11-05 15:46:28,827  INFO [main] verify Login Functionality:86 - clicked on element : Login
2021-11-05 15:46:38,985  INFO [main] verify Login Functionality:20 - UserName field value entered as : addsds
2021-11-05 15:46:39,085  INFO [main] verify Login Functionality:20 - Password field value entered as : ddsf
2021-11-05 15:46:39,188  INFO [main] verify Login Functionality:86 - clicked on element : Login
2021-11-05 15:46:41,458  INFO [main] verify Login Functionality:28 - Initiate Webdriver .......
2021-11-05 15:46:54,403  INFO [main] verify Login Functionality:86 - clicked on element : Login
2021-11-05 15:47:04,541  INFO [main] verify Login Functionality:20 - UserName field value entered as : ada
2021-11-05 15:47:04,634  INFO [main] verify Login Functionality:20 - Password field value entered as : add
2021-11-05 15:47:04,742  INFO [main] verify Login Functionality:86 - clicked on element : Login
2021-11-05 15:59:39,581  INFO [main] verify Login with valid credentials:28 - Initiate Webdriver .......
2021-11-05 16:00:47,541  INFO [main] verify Login with valid credentials:86 - clicked on element : Login
2021-11-05 16:00:58,895  INFO [main] verify Login with valid credentials:20 - UserName field value entered as : venkata.rajulapati@gmail.com
2021-11-05 16:00:59,007  INFO [main] verify Login with valid credentials:20 - Password field value entered as : 05jun1984
2021-11-05 16:00:59,115  INFO [main] verify Login with valid credentials:86 - clicked on element : Login
2021-11-05 16:01:00,393  INFO [main] verify Login Functionality:28 - Initiate Webdriver .......
2021-11-05 16:01:29,610  INFO [main] verify Login Functionality:86 - clicked on element : Login
2021-11-05 16:01:39,831  INFO [main] verify Login Functionality:20 - UserName field value entered as : venkata.rajulapati@gmail.com
2021-11-05 16:01:39,943  INFO [main] verify Login Functionality:20 - Password field value entered as : 05jun1984
2021-11-05 16:01:40,046  INFO [main] verify Login Functionality:86 - clicked on element : Login
2021-11-05 16:01:41,399  INFO [main] verify Login Functionality:28 - Initiate Webdriver .......
2021-11-05 16:02:09,566  INFO [main] verify Login Functionality:86 - clicked on element : Login
2021-11-05 16:02:19,719  INFO [main] verify Login Functionality:20 - UserName field value entered as : addsds
2021-11-05 16:02:19,819  INFO [main] verify Login Functionality:20 - Password field value entered as : ddsf
2021-11-05 16:02:19,922  INFO [main] verify Login Functionality:86 - clicked on element : Login
2021-11-05 16:02:21,679  INFO [main] verify Login Functionality:28 - Initiate Webdriver .......
2021-11-05 16:02:41,582  INFO [main] verify Login Functionality:86 - clicked on element : Login
2021-11-05 16:02:51,723  INFO [main] verify Login Functionality:20 - UserName field value entered as : ada
2021-11-05 16:02:51,868  INFO [main] verify Login Functionality:20 - Password field value entered as : add
2021-11-05 16:02:52,043  INFO [main] verify Login Functionality:86 - clicked on element : Login
2021-11-05 16:07:46,754  INFO [main] verify Login with valid credentials:28 - Initiate Webdriver .......
2021-11-05 16:08:06,180  INFO [main] verify Login with valid credentials:86 - clicked on element : Login
2021-11-05 16:08:16,455  INFO [main] verify Login with valid credentials:20 - UserName field value entered as : venkata.rajulapati@gmail.com
2021-11-05 16:08:16,566  INFO [main] verify Login with valid credentials:20 - Password field value entered as : 05jun1984
2021-11-05 16:08:16,670  INFO [main] verify Login with valid credentials:86 - clicked on element : Login
2021-11-05 16:08:19,928  INFO [main] verify Login Functionality:28 - Initiate Webdriver .......
2021-11-05 16:08:37,946  INFO [main] verify Login Functionality:86 - clicked on element : Login
2021-11-05 16:08:48,174  INFO [main] verify Login Functionality:20 - UserName field value entered as : venkata.rajulapati@gmail.com
2021-11-05 16:08:48,280  INFO [main] verify Login Functionality:20 - Password field value entered as : 05jun1984
2021-11-05 16:08:48,390  INFO [main] verify Login Functionality:86 - clicked on element : Login
2021-11-05 16:08:49,214  INFO [main] verify Login Functionality:28 - Initiate Webdriver .......
2021-11-05 16:09:09,291  INFO [main] verify Login Functionality:86 - clicked on element : Login
2021-11-05 16:09:19,489  INFO [main] verify Login Functionality:20 - UserName field value entered as : addsds
2021-11-05 16:09:19,589  INFO [main] verify Login Functionality:20 - Password field value entered as : ddsf
2021-11-05 16:09:19,700  INFO [main] verify Login Functionality:86 - clicked on element : Login
2021-11-05 16:09:22,006  INFO [main] verify Login Functionality:28 - Initiate Webdriver .......
2021-11-05 16:09:34,657  INFO [main] verify Login Functionality:86 - clicked on element : Login
2021-11-05 16:09:44,765  INFO [main] verify Login Functionality:20 - UserName field value entered as : ada
2021-11-05 16:09:44,863  INFO [main] verify Login Functionality:20 - Password field value entered as : add
2021-11-05 16:09:44,973  INFO [main] verify Login Functionality:86 - clicked on element : Login
